2025-02-03 05:34:09,174 - INFO - Starting ETL Pipeline...
2025-02-03 05:34:09,174 - INFO - Extracting data from data/dataset1.xlsx
2025-02-03 05:34:09,175 - ERROR - Error in Extraction: [Errno 2] No such file or directory: 'data/dataset1.xlsx'
2025-02-03 05:34:09,175 - ERROR - Extraction failed. Terminating pipeline.
2025-02-03 05:35:15,926 - INFO - Starting ETL Pipeline...
2025-02-03 05:35:15,926 - INFO - Extracting data from data/dataset1/test.csv
2025-02-03 05:35:15,927 - ERROR - Error in Extraction: Excel file format cannot be determined, you must specify an engine manually.
2025-02-03 05:35:15,928 - ERROR - Extraction failed. Terminating pipeline.
2025-02-03 05:35:43,006 - INFO - Starting ETL Pipeline...
2025-02-03 05:35:43,006 - INFO - Extracting data from data/dataset1/test.xlsx
2025-02-03 05:35:43,016 - ERROR - Error in Extraction: [Errno 2] No such file or directory: 'data/dataset1/test.xlsx'
2025-02-03 05:35:43,016 - ERROR - Extraction failed. Terminating pipeline.
2025-02-03 05:35:48,988 - INFO - Starting ETL Pipeline...
2025-02-03 05:35:48,988 - INFO - Extracting data from data/dataset1/test.xlsx
2025-02-03 05:35:48,989 - ERROR - Error in Extraction: [Errno 2] No such file or directory: 'data/dataset1/test.xlsx'
2025-02-03 05:35:48,989 - ERROR - Extraction failed. Terminating pipeline.
2025-02-03 05:36:10,712 - INFO - Starting ETL Pipeline...
2025-02-03 05:36:10,712 - INFO - Extracting data from data/dataset1/test.csv
2025-02-03 05:36:10,713 - ERROR - Error in Extraction: Excel file format cannot be determined, you must specify an engine manually.
2025-02-03 05:36:10,713 - ERROR - Extraction failed. Terminating pipeline.
2025-02-03 06:12:43,403 - INFO - Starting ETL Pipeline...
2025-02-03 06:12:43,429 - INFO - Extracted data from data/dataset1/test.csv
2025-02-03 06:12:43,429 - INFO - Transforming data...
2025-02-03 06:24:23,153 - INFO - Starting ETL Pipeline...
2025-02-03 06:24:23,197 - INFO - Extracted data from data/dataset2/test.csv
2025-02-03 06:24:23,197 - INFO - Transforming data...
2025-02-03 06:29:39,511 - INFO - Starting ETL Pipeline...
2025-02-03 06:29:39,518 - INFO - Extracted data from data/dataset1/train.csv
2025-02-03 06:29:39,518 - INFO - Transforming data...
2025-02-03 06:29:39,530 - INFO - Transformed Data: 1058 rows, 5 columns
2025-02-03 06:29:39,530 - INFO - Loading data into cleaned_salary_data
2025-02-03 06:29:39,673 - INFO - Data successfully loaded into cleaned_salary_data
2025-02-03 06:29:39,673 - INFO - ETL pipeline completed successfully!
2025-02-11 01:04:27,745 - INFO - Starting ETL Pipeline...
2025-02-11 01:04:27,757 - INFO - Extracted data from data/dataset1/train.csv
2025-02-11 01:04:27,757 - INFO - Transforming data...
2025-02-11 01:04:27,769 - INFO - Transformed Data: 1058 rows, 6 columns
2025-02-11 01:04:27,769 - INFO - Loading data into cleaned_salary_data
2025-02-11 01:04:27,991 - INFO - Data successfully loaded into cleaned_salary_data
2025-02-11 01:04:27,992 - INFO - ETL pipeline completed successfully!
2025-02-11 01:45:02,519 - INFO - Starting ETL Pipeline...
2025-02-11 01:45:02,745 - INFO - Extracted data from data/dataset2/train.csv
2025-02-11 01:45:02,745 - INFO - Transforming data...
2025-02-11 02:26:34,465 - INFO - Starting ETL Pipeline...
2025-02-11 02:26:34,679 - INFO - Extracted data from data/dataset2/train.csv
2025-02-11 02:26:34,679 - INFO - Transforming data...
2025-02-11 02:27:06,157 - INFO - Starting ETL Pipeline...
2025-02-11 02:27:06,349 - INFO - Extracted data from data/dataset2/train.csv
2025-02-11 02:27:06,349 - INFO - Transforming data...
2025-02-11 02:28:25,517 - INFO - Starting ETL Pipeline...
2025-02-11 02:28:25,712 - INFO - Extracted data from data/dataset2/train.csv
2025-02-11 02:28:25,712 - INFO - Transforming data...
2025-02-11 02:28:25,783 - INFO - Transformed Data: 59598 rows, 6 columns
2025-02-11 02:28:25,786 - INFO - Loading data into cleaned_salary_data2
2025-02-11 02:28:27,780 - INFO - Data successfully loaded into cleaned_salary_data2
2025-02-11 02:28:27,781 - INFO - ETL pipeline completed successfully!
2025-02-11 09:15:37,596 - INFO - Starting ETL Pipeline...
2025-02-11 09:15:37,748 - INFO - Extracted data from data/dataset2/train.csv
2025-02-11 09:15:37,748 - INFO - Transforming data...
2025-02-11 09:15:37,800 - INFO - Transformed Data: 59598 rows, 7 columns
2025-02-11 09:15:37,802 - INFO - Loading data into cleaned_salary_data2
2025-02-11 09:15:39,682 - INFO - Data successfully loaded into cleaned_salary_data2
2025-02-11 09:15:39,682 - INFO - ETL pipeline completed successfully!
